INFO 2025-07-26 10:16:31,822 autoreload 12700 13424 Watching for file changes with StatReloader
INFO 2025-07-26 10:16:37,636 basehttp 12700 8612 "OPTIONS /api/accounts/profile/ HTTP/1.1" 200 0
INFO 2025-07-26 10:16:39,264 basehttp 12700 8612 "GET /api/accounts/profile/ HTTP/1.1" 200 234
INFO 2025-07-26 10:18:02,880 basehttp 12700 7316 "GET /api/accounts/profile/ HTTP/1.1" 200 234
INFO 2025-07-26 10:18:09,419 basehttp 12700 17280 "OPTIONS /api/accounts/company/me/ HTTP/1.1" 200 0
INFO 2025-07-26 10:18:11,054 basehttp 12700 17280 "PATCH /api/accounts/company/me/ HTTP/1.1" 200 322
INFO 2025-07-26 10:19:48,722 basehttp 12700 24112 "GET /api/accounts/profile/ HTTP/1.1" 200 234
INFO 2025-07-26 10:19:48,744 basehttp 12700 24112 "GET /api/accounts/profile/ HTTP/1.1" 200 234
INFO 2025-07-26 10:19:49,294 basehttp 12700 22192 "GET /media/company_profiles/photo_2024-12-25_23-39-37_fBc9eDz.jpg HTTP/1.1" 200 72819
INFO 2025-07-26 10:19:58,671 basehttp 12700 22396 "GET /api/accounts/profile/ HTTP/1.1" 200 234
INFO 2025-07-26 10:19:58,705 basehttp 12700 22396 "GET /api/accounts/profile/ HTTP/1.1" 200 234
INFO 2025-07-26 10:21:50,028 basehttp 12700 5424 "GET /api/accounts/profile/ HTTP/1.1" 200 234
INFO 2025-07-26 10:21:50,265 basehttp 12700 4212 "GET /media/company_profiles/photo_2024-12-25_23-39-37_fBc9eDz.jpg HTTP/1.1" 200 72819
INFO 2025-07-26 10:22:02,442 basehttp 12700 21576 "PATCH /api/accounts/company/me/ HTTP/1.1" 200 322
INFO 2025-07-26 10:22:06,467 basehttp 12700 11504 "PATCH /api/accounts/company/me/ HTTP/1.1" 200 336
INFO 2025-07-26 10:23:04,576 basehttp 12700 10008 "PATCH /api/accounts/company/me/ HTTP/1.1" 200 336
INFO 2025-07-26 10:23:04,599 basehttp 12700 10008 "GET /api/accounts/profile/ HTTP/1.1" 200 234
INFO 2025-07-26 10:23:04,666 basehttp 12700 25340 "GET /media/company_profiles/photo_2025-03-22_23-52-42_w2AY0Xv.jpg HTTP/1.1" 200 44187
INFO 2025-07-26 10:24:16,416 basehttp 12700 9896 "GET /api/accounts/profile/ HTTP/1.1" 200 234
INFO 2025-07-26 10:24:23,191 basehttp 12700 18636 "GET /api/accounts/profile/ HTTP/1.1" 200 234
INFO 2025-07-26 10:24:24,210 basehttp 12700 14292 "GET /media/company_profiles/photo_2025-03-22_23-52-42_w2AY0Xv.jpg HTTP/1.1" 200 44187
INFO 2025-07-26 10:25:46,547 basehttp 12700 17872 "GET /api/accounts/profile/ HTTP/1.1" 200 234
INFO 2025-07-26 10:25:46,789 basehttp 12700 21844 "GET /media/company_profiles/photo_2025-03-22_23-52-42_w2AY0Xv.jpg HTTP/1.1" 200 44187
INFO 2025-07-26 10:26:25,755 basehttp 12700 17872 "GET /api/accounts/profile/ HTTP/1.1" 200 234
INFO 2025-07-26 10:26:25,764 basehttp 12700 17872 "GET /api/accounts/profile/ HTTP/1.1" 200 234
INFO 2025-07-26 10:26:38,681 basehttp 12700 25120 "OPTIONS /api/accounts/users/all/ HTTP/1.1" 200 0
INFO 2025-07-26 10:26:38,724 basehttp 12700 18296 "OPTIONS /api/accounts/users/all/ HTTP/1.1" 200 0
INFO 2025-07-26 10:26:38,789 basehttp 12700 18296 "GET /api/accounts/users/all/ HTTP/1.1" 200 879
INFO 2025-07-26 10:26:38,847 basehttp 12700 18296 "GET /api/accounts/users/all/ HTTP/1.1" 200 879
INFO 2025-07-26 10:28:39,408 basehttp 12700 17144 "GET /api/accounts/users/all/ HTTP/1.1" 200 879
INFO 2025-07-26 10:29:20,658 basehttp 12700 11036 "OPTIONS /api/accounts/users/ HTTP/1.1" 200 0
WARNING 2025-07-26 10:29:20,750 log 12700 11036 Not Found: /api/accounts/users/
WARNING 2025-07-26 10:29:20,753 basehttp 12700 11036 "POST /api/accounts/users/ HTTP/1.1" 404 9618
INFO 2025-07-26 10:32:14,289 autoreload 12700 13424 C:\Users\azizo\Desktop\Pathnio\backend\accounts\views.py changed, reloading.
INFO 2025-07-26 10:32:15,900 autoreload 15756 7036 Watching for file changes with StatReloader
INFO 2025-07-26 10:32:28,979 autoreload 15756 7036 C:\Users\azizo\Desktop\Pathnio\backend\accounts\urls.py changed, reloading.
INFO 2025-07-26 10:32:30,452 autoreload 12792 11084 Watching for file changes with StatReloader
INFO 2025-07-26 10:33:00,440 autoreload 12792 11084 C:\Users\azizo\Desktop\Pathnio\backend\accounts\views.py changed, reloading.
INFO 2025-07-26 10:33:01,698 autoreload 11928 19620 Watching for file changes with StatReloader
INFO 2025-07-26 10:33:10,147 autoreload 11928 19620 C:\Users\azizo\Desktop\Pathnio\backend\accounts\views.py changed, reloading.
INFO 2025-07-26 10:33:11,572 autoreload 18964 2368 Watching for file changes with StatReloader
INFO 2025-07-26 10:33:19,800 autoreload 18964 2368 C:\Users\azizo\Desktop\Pathnio\backend\accounts\views.py changed, reloading.
INFO 2025-07-26 10:33:21,225 autoreload 24624 22756 Watching for file changes with StatReloader
INFO 2025-07-26 10:33:28,485 autoreload 24624 22756 C:\Users\azizo\Desktop\Pathnio\backend\accounts\views.py changed, reloading.
INFO 2025-07-26 10:33:29,840 autoreload 10952 20320 Watching for file changes with StatReloader
INFO 2025-07-26 10:33:38,335 autoreload 10952 20320 C:\Users\azizo\Desktop\Pathnio\backend\accounts\views.py changed, reloading.
INFO 2025-07-26 10:33:39,924 autoreload 20704 1172 Watching for file changes with StatReloader
INFO 2025-07-26 10:33:50,507 autoreload 20704 1172 C:\Users\azizo\Desktop\Pathnio\backend\accounts\views.py changed, reloading.
INFO 2025-07-26 10:33:51,960 autoreload 12904 11960 Watching for file changes with StatReloader
INFO 2025-07-26 10:34:05,091 autoreload 12904 11960 C:\Users\azizo\Desktop\Pathnio\backend\accounts\views.py changed, reloading.
INFO 2025-07-26 10:34:06,250 autoreload 20512 10788 Watching for file changes with StatReloader
INFO 2025-07-26 10:34:14,481 autoreload 20512 10788 C:\Users\azizo\Desktop\Pathnio\backend\accounts\views.py changed, reloading.
INFO 2025-07-26 10:34:15,818 autoreload 12380 9928 Watching for file changes with StatReloader
WARNING 2025-07-26 10:34:21,891 log 12380 19168 Bad Request: /api/accounts/users/
WARNING 2025-07-26 10:34:21,892 basehttp 12380 19168 "POST /api/accounts/users/ HTTP/1.1" 400 55
INFO 2025-07-26 10:34:34,086 basehttp 12380 1152 "GET /api/accounts/users/all/ HTTP/1.1" 200 1484
WARNING 2025-07-26 10:35:48,187 log 12380 18568 Bad Request: /api/accounts/users/
WARNING 2025-07-26 10:35:48,188 basehttp 12380 18568 "POST /api/accounts/users/ HTTP/1.1" 400 55
INFO 2025-07-26 10:37:38,172 basehttp 12380 10388 "POST /api/accounts/users/ HTTP/1.1" 201 250
INFO 2025-07-26 10:38:24,168 basehttp 12380 21948 "OPTIONS /api/accounts/users/20/ HTTP/1.1" 200 0
INFO 2025-07-26 10:38:26,774 basehttp 12380 21948 "PATCH /api/accounts/users/20/ HTTP/1.1" 200 250
INFO 2025-07-26 10:38:43,750 basehttp 12380 1604 "GET /api/accounts/profile/ HTTP/1.1" 200 234
INFO 2025-07-26 10:38:43,768 basehttp 12380 1604 "GET /api/accounts/profile/ HTTP/1.1" 200 234
INFO 2025-07-26 10:38:44,164 basehttp 12380 9008 "GET /media/company_profiles/photo_2025-03-22_23-52-42_w2AY0Xv.jpg HTTP/1.1" 200 44187
INFO 2025-07-26 10:38:49,219 basehttp 12380 22184 "GET /api/accounts/profile/ HTTP/1.1" 200 234
INFO 2025-07-26 10:38:49,232 basehttp 12380 22184 "GET /api/accounts/profile/ HTTP/1.1" 200 234
INFO 2025-07-26 10:40:59,288 basehttp 12380 2380 "OPTIONS /api/accounts/auth/logout/ HTTP/1.1" 200 0
INFO 2025-07-26 10:40:59,337 basehttp 12380 2380 "POST /api/accounts/auth/logout/ HTTP/1.1" 200 37
INFO 2025-07-26 10:41:05,280 basehttp 12380 2380 "POST /api/accounts/auth/logout/ HTTP/1.1" 200 37
INFO 2025-07-26 10:41:22,719 basehttp 12380 10912 "OPTIONS /api/auth/token/login/ HTTP/1.1" 200 0
INFO 2025-07-26 10:41:22,726 views 12380 10912 Login attempt with data: {'username': 'arsalanpayandeh44@gmail.com', 'password': '13861386arsalan'}
INFO 2025-07-26 10:41:23,970 views 12380 10912 Successful login for user: arsalanpayandeh44@gmail.com
INFO 2025-07-26 10:41:23,976 basehttp 12380 10912 "POST /api/auth/token/login/ HTTP/1.1" 200 652
INFO 2025-07-26 10:41:23,985 basehttp 12380 10912 "OPTIONS /api/auth/users/me/ HTTP/1.1" 200 0
INFO 2025-07-26 10:41:24,006 basehttp 12380 10912 "GET /api/auth/users/me/ HTTP/1.1" 200 206
INFO 2025-07-26 10:41:28,620 basehttp 12380 19728 "GET /api/accounts/profile/ HTTP/1.1" 200 234
INFO 2025-07-26 10:41:28,629 basehttp 12380 19728 "GET /api/accounts/profile/ HTTP/1.1" 200 234
INFO 2025-07-26 10:41:28,729 basehttp 12380 7560 "GET /media/company_profiles/photo_2025-03-22_23-52-42_w2AY0Xv.jpg HTTP/1.1" 200 44187
INFO 2025-07-26 10:49:01,858 basehttp 12380 13532 "OPTIONS /api/auth/token/login/ HTTP/1.1" 200 0
INFO 2025-07-26 10:52:01,932 basehttp 12380 19760 "GET /api/accounts/profile/ HTTP/1.1" 200 234
INFO 2025-07-26 11:10:55,980 basehttp 12380 11580 "PATCH /api/accounts/company/me/ HTTP/1.1" 200 317
INFO 2025-07-26 11:10:55,995 basehttp 12380 11580 "GET /api/accounts/profile/ HTTP/1.1" 200 215
INFO 2025-07-26 11:10:56,236 basehttp 12380 21484 "GET /media/company_profiles/images_cwNJkmZ.jpg HTTP/1.1" 200 4195
INFO 2025-07-26 11:12:04,641 basehttp 12380 11580 "GET /api/accounts/profile/ HTTP/1.1" 200 215
INFO 2025-07-26 11:12:04,648 basehttp 12380 11580 "GET /api/accounts/profile/ HTTP/1.1" 200 215
INFO 2025-07-26 11:13:28,803 basehttp 12380 10572 "GET /api/accounts/profile/ HTTP/1.1" 200 215
INFO 2025-07-26 11:13:28,807 basehttp 12380 10572 "GET /api/accounts/profile/ HTTP/1.1" 200 215
INFO 2025-07-26 11:13:28,844 basehttp 12380 18460 "GET /media/company_profiles/images_cwNJkmZ.jpg HTTP/1.1" 200 4195
INFO 2025-07-26 11:15:03,703 basehttp 12380 11868 "GET /api/accounts/profile/ HTTP/1.1" 200 215
INFO 2025-07-26 11:15:03,710 basehttp 12380 11868 "GET /api/accounts/profile/ HTTP/1.1" 200 215
INFO 2025-07-26 11:15:19,201 basehttp 12380 12884 "GET /api/accounts/profile/ HTTP/1.1" 200 215
INFO 2025-07-26 11:15:19,211 basehttp 12380 12884 "GET /api/accounts/profile/ HTTP/1.1" 200 215
WARNING 2025-07-26 11:32:08,856 log 12380 22700 Unauthorized: /admin/auth/user/19/change/
WARNING 2025-07-26 11:32:08,858 basehttp 12380 22700 "GET /admin/auth/user/19/change/ HTTP/1.1" 401 29
WARNING 2025-07-26 11:32:10,226 log 12380 22700 Not Found: /favicon.ico
WARNING 2025-07-26 11:32:10,227 basehttp 12380 22700 "GET /favicon.ico HTTP/1.1" 404 3803
INFO 2025-07-26 11:33:47,283 basehttp 12380 12948 "GET /api/accounts/profile/ HTTP/1.1" 200 215
INFO 2025-07-26 11:34:03,617 autoreload 12380 9928 C:\Users\azizo\Desktop\Pathnio\backend\accounts\views.py changed, reloading.
INFO 2025-07-26 11:34:04,720 autoreload 9912 22556 Watching for file changes with StatReloader
INFO 2025-07-26 11:37:18,499 autoreload 7828 10576 Watching for file changes with StatReloader
INFO 2025-07-26 11:37:23,155 basehttp 7828 2712 "GET /api/accounts/profile/ HTTP/1.1" 200 215
INFO 2025-07-26 11:37:23,494 basehttp 7828 9908 "GET /media/company_profiles/images_cwNJkmZ.jpg HTTP/1.1" 200 4195
INFO 2025-07-26 11:37:32,503 basehttp 7828 7992 "GET /api/accounts/profile/ HTTP/1.1" 200 215
INFO 2025-07-26 11:37:32,509 basehttp 7828 7992 "GET /api/accounts/profile/ HTTP/1.1" 200 215
INFO 2025-07-26 11:37:32,577 basehttp 7828 21140 "GET /media/company_profiles/images_cwNJkmZ.jpg HTTP/1.1" 200 4195
INFO 2025-07-26 11:37:35,742 basehttp 7828 7992 "GET /api/accounts/profile/ HTTP/1.1" 200 215
INFO 2025-07-26 11:37:35,764 basehttp 7828 7992 "GET /api/accounts/profile/ HTTP/1.1" 200 215
INFO 2025-07-26 11:38:53,221 basehttp 7828 13708 "GET /api/accounts/profile/ HTTP/1.1" 200 215
INFO 2025-07-26 11:38:53,226 basehttp 7828 13708 "GET /api/accounts/profile/ HTTP/1.1" 200 215
INFO 2025-07-26 11:38:53,283 basehttp 7828 14100 "GET /media/company_profiles/images_cwNJkmZ.jpg HTTP/1.1" 200 4195
INFO 2025-07-26 11:40:33,972 basehttp 7828 23216 "POST /api/accounts/auth/logout/ HTTP/1.1" 200 37
INFO 2025-07-26 11:40:37,487 views 7828 23216 Login attempt with data: {'username': 'arsalanpayandeh44@gmail.com', 'password': '13861386arsalan'}
INFO 2025-07-26 11:40:38,300 views 7828 23216 Successful login for user: arsalanpayandeh44@gmail.com
INFO 2025-07-26 11:40:38,303 basehttp 7828 23216 "POST /api/auth/token/login/ HTTP/1.1" 200 652
INFO 2025-07-26 11:40:38,313 basehttp 7828 23216 "GET /api/auth/users/me/ HTTP/1.1" 200 206
INFO 2025-07-26 11:40:40,458 basehttp 7828 23216 "GET /api/accounts/profile/ HTTP/1.1" 200 215
INFO 2025-07-26 11:40:40,556 basehttp 7828 23216 "GET /api/accounts/profile/ HTTP/1.1" 200 215
INFO 2025-07-26 11:40:40,604 basehttp 7828 852 "GET /media/company_profiles/images_cwNJkmZ.jpg HTTP/1.1" 200 4195
INFO 2025-07-26 11:40:42,954 basehttp 7828 23216 "GET /api/accounts/profile/ HTTP/1.1" 200 215
INFO 2025-07-26 11:40:42,970 basehttp 7828 23216 "GET /api/accounts/profile/ HTTP/1.1" 200 215
INFO 2025-07-26 11:41:02,090 basehttp 7828 3988 "GET /api/accounts/profile/ HTTP/1.1" 200 215
INFO 2025-07-26 11:41:02,106 basehttp 7828 3988 "GET /api/accounts/profile/ HTTP/1.1" 200 215
INFO 2025-07-26 11:41:04,024 basehttp 7828 3988 "GET /api/accounts/profile/ HTTP/1.1" 200 215
INFO 2025-07-26 11:41:04,062 basehttp 7828 3988 "GET /api/accounts/profile/ HTTP/1.1" 200 215
INFO 2025-07-26 11:41:06,505 basehttp 7828 3988 "GET /api/accounts/profile/ HTTP/1.1" 200 215
INFO 2025-07-26 11:41:06,624 basehttp 7828 3988 "GET /api/accounts/profile/ HTTP/1.1" 200 215
INFO 2025-07-26 11:41:11,274 basehttp 7828 6640 "GET /api/accounts/users/all/ HTTP/1.1" 200 1716
INFO 2025-07-26 11:41:11,298 basehttp 7828 6640 "GET /api/accounts/users/all/ HTTP/1.1" 200 1716
INFO 2025-07-26 11:41:35,793 basehttp 7828 8560 "PATCH /api/accounts/users/20/ HTTP/1.1" 200 250
INFO 2025-07-26 11:41:39,839 basehttp 7828 8560 "GET /api/accounts/profile/ HTTP/1.1" 200 215
INFO 2025-07-26 11:41:39,887 basehttp 7828 8560 "GET /api/accounts/profile/ HTTP/1.1" 200 215
INFO 2025-07-26 11:41:41,655 basehttp 7828 8560 "POST /api/accounts/auth/logout/ HTTP/1.1" 200 37
WARNING 2025-07-26 11:41:52,981 views 7828 16408 Login attempt with non-existent username: Hasana2@gmail.com
WARNING 2025-07-26 11:41:52,985 log 7828 16408 Unauthorized: /api/auth/token/login/
WARNING 2025-07-26 11:41:52,985 basehttp 7828 16408 "POST /api/auth/token/login/ HTTP/1.1" 401 73
INFO 2025-07-26 11:41:58,182 views 7828 13832 Login attempt with data: {'username': 'arsalanpayandeh44@gmail.com', 'password': '13861386arsalan'}
INFO 2025-07-26 11:41:59,010 views 7828 13832 Successful login for user: arsalanpayandeh44@gmail.com
INFO 2025-07-26 11:41:59,013 basehttp 7828 13832 "POST /api/auth/token/login/ HTTP/1.1" 200 652
INFO 2025-07-26 11:41:59,022 basehttp 7828 13832 "GET /api/auth/users/me/ HTTP/1.1" 200 206
INFO 2025-07-26 11:42:01,157 basehttp 7828 13832 "GET /api/accounts/profile/ HTTP/1.1" 200 215
INFO 2025-07-26 11:42:01,249 basehttp 7828 13832 "GET /api/accounts/profile/ HTTP/1.1" 200 215
INFO 2025-07-26 11:42:01,290 basehttp 7828 1732 "GET /media/company_profiles/images_cwNJkmZ.jpg HTTP/1.1" 200 4195
INFO 2025-07-26 11:42:08,023 basehttp 7828 20256 "GET /api/accounts/users/all/ HTTP/1.1" 200 1716
INFO 2025-07-26 11:42:08,037 basehttp 7828 20256 "GET /api/accounts/users/all/ HTTP/1.1" 200 1716
INFO 2025-07-26 11:42:43,421 basehttp 7828 11952 "PATCH /api/accounts/users/20/ HTTP/1.1" 200 250
INFO 2025-07-26 11:42:49,874 basehttp 7828 11952 "GET /api/accounts/profile/ HTTP/1.1" 200 215
INFO 2025-07-26 11:42:49,886 basehttp 7828 11952 "GET /api/accounts/profile/ HTTP/1.1" 200 215
INFO 2025-07-26 11:42:51,484 basehttp 7828 11952 "POST /api/accounts/auth/logout/ HTTP/1.1" 200 37
INFO 2025-07-26 11:42:59,095 views 7828 23744 Login attempt with data: {'username': 'Hasana2@gmail.com', 'password': '123456arsalan1'}
WARNING 2025-07-26 11:42:59,828 views 7828 23744 Login attempt with non-existent username: Hasana2@gmail.com
WARNING 2025-07-26 11:42:59,828 log 7828 23744 Unauthorized: /api/auth/token/login/
WARNING 2025-07-26 11:42:59,828 basehttp 7828 23744 "POST /api/auth/token/login/ HTTP/1.1" 401 73
INFO 2025-07-26 11:43:01,806 views 7828 23744 Login attempt with data: {'username': 'Hasana2@gmail.com', 'password': '123456arsalan'}
WARNING 2025-07-26 11:43:02,626 views 7828 23744 Login attempt with non-existent username: Hasana2@gmail.com
WARNING 2025-07-26 11:43:02,627 log 7828 23744 Unauthorized: /api/auth/token/login/
WARNING 2025-07-26 11:43:02,628 basehttp 7828 23744 "POST /api/auth/token/login/ HTTP/1.1" 401 73
INFO 2025-07-26 11:43:12,275 views 7828 5928 Login attempt with data: {'username': 'Hasana2@gmail.com', 'password': '123456arsalan'}
WARNING 2025-07-26 11:43:13,220 views 7828 5928 Login attempt with non-existent username: Hasana2@gmail.com
WARNING 2025-07-26 11:43:13,220 log 7828 5928 Unauthorized: /api/auth/token/login/
WARNING 2025-07-26 11:43:13,221 basehttp 7828 5928 "POST /api/auth/token/login/ HTTP/1.1" 401 73
INFO 2025-07-26 11:43:18,878 views 7828 5928 Login attempt with data: {'username': 'Hasana2@gmail.com', 'password': '123456hasan'}
WARNING 2025-07-26 11:43:19,614 views 7828 5928 Login attempt with non-existent username: Hasana2@gmail.com
WARNING 2025-07-26 11:43:19,614 log 7828 5928 Unauthorized: /api/auth/token/login/
WARNING 2025-07-26 11:43:19,615 basehttp 7828 5928 "POST /api/auth/token/login/ HTTP/1.1" 401 73
INFO 2025-07-26 11:43:21,037 views 7828 5928 Login attempt with data: {'username': 'Hasana2@gmail.com', 'password': '123456hasan1'}
WARNING 2025-07-26 11:43:21,865 views 7828 5928 Login attempt with non-existent username: Hasana2@gmail.com
WARNING 2025-07-26 11:43:21,866 log 7828 5928 Unauthorized: /api/auth/token/login/
WARNING 2025-07-26 11:43:21,866 basehttp 7828 5928 "POST /api/auth/token/login/ HTTP/1.1" 401 73
INFO 2025-07-26 11:43:34,836 views 7828 12212 Login attempt with data: {'username': 'Hasana2@gmail.com', 'password': '123456hasan'}
WARNING 2025-07-26 11:43:35,656 views 7828 12212 Login attempt with non-existent username: Hasana2@gmail.com
WARNING 2025-07-26 11:43:35,656 log 7828 12212 Unauthorized: /api/auth/token/login/
WARNING 2025-07-26 11:43:35,657 basehttp 7828 12212 "POST /api/auth/token/login/ HTTP/1.1" 401 73
INFO 2025-07-26 11:43:37,251 views 7828 12212 Login attempt with data: {'username': 'Hasana2@gmail.com', 'password': '123456hasan1'}
WARNING 2025-07-26 11:43:38,033 views 7828 12212 Login attempt with non-existent username: Hasana2@gmail.com
WARNING 2025-07-26 11:43:38,034 log 7828 12212 Unauthorized: /api/auth/token/login/
WARNING 2025-07-26 11:43:38,034 basehttp 7828 12212 "POST /api/auth/token/login/ HTTP/1.1" 401 73
INFO 2025-07-26 11:43:39,966 views 7828 12212 Login attempt with data: {'username': 'Hasana2@gmail.com', 'password': '123456hasan1'}
WARNING 2025-07-26 11:43:40,708 views 7828 12212 Login attempt with non-existent username: Hasana2@gmail.com
WARNING 2025-07-26 11:43:40,709 log 7828 12212 Unauthorized: /api/auth/token/login/
WARNING 2025-07-26 11:43:40,709 basehttp 7828 12212 "POST /api/auth/token/login/ HTTP/1.1" 401 73
INFO 2025-07-26 11:43:45,896 views 7828 15388 Login attempt with data: {'username': 'arsalanpayandeh44@gmail.com', 'password': '13861386arsalan'}
INFO 2025-07-26 11:43:46,725 views 7828 15388 Successful login for user: arsalanpayandeh44@gmail.com
INFO 2025-07-26 11:43:46,728 basehttp 7828 15388 "POST /api/auth/token/login/ HTTP/1.1" 200 652
INFO 2025-07-26 11:43:46,737 basehttp 7828 15388 "GET /api/auth/users/me/ HTTP/1.1" 200 206
INFO 2025-07-26 11:43:48,984 basehttp 7828 15388 "GET /api/accounts/profile/ HTTP/1.1" 200 215
INFO 2025-07-26 11:43:48,992 basehttp 7828 15388 "GET /api/accounts/profile/ HTTP/1.1" 200 215
INFO 2025-07-26 11:43:49,063 basehttp 7828 10608 "GET /media/company_profiles/images_cwNJkmZ.jpg HTTP/1.1" 200 4195
INFO 2025-07-26 11:43:51,998 basehttp 7828 12920 "GET /admin HTTP/1.1" 301 0
INFO 2025-07-26 11:43:52,018 basehttp 7828 5912 "GET /admin/ HTTP/1.1" 302 0
INFO 2025-07-26 11:43:52,230 basehttp 7828 5912 "GET /admin/login/?next=/admin/ HTTP/1.1" 200 4173
INFO 2025-07-26 11:43:52,267 basehttp 7828 5912 "GET /static/admin/css/base.css HTTP/1.1" 304 0
INFO 2025-07-26 11:43:52,269 basehttp 7828 12728 "GET /static/admin/css/nav_sidebar.css HTTP/1.1" 304 0
INFO 2025-07-26 11:43:52,270 basehttp 7828 2656 "GET /static/admin/css/responsive.css HTTP/1.1" 304 0
INFO 2025-07-26 11:43:52,270 basehttp 7828 11980 "GET /static/admin/css/login.css HTTP/1.1" 304 0
INFO 2025-07-26 11:43:52,271 basehttp 7828 14808 "GET /static/admin/css/dark_mode.css HTTP/1.1" 304 0
INFO 2025-07-26 11:43:52,272 basehttp 7828 9460 "GET /static/admin/js/theme.js HTTP/1.1" 304 0
INFO 2025-07-26 11:43:52,337 basehttp 7828 9460 "GET /static/admin/js/nav_sidebar.js HTTP/1.1" 304 0
INFO 2025-07-26 11:43:55,688 basehttp 7828 10840 "POST /admin/login/?next=/admin/ HTTP/1.1" 200 4341
INFO 2025-07-26 11:43:59,171 basehttp 7828 10840 "POST /admin/login/?next=/admin/ HTTP/1.1" 302 0
INFO 2025-07-26 11:43:59,222 basehttp 7828 10840 "GET /admin/ HTTP/1.1" 200 13721
INFO 2025-07-26 11:43:59,247 basehttp 7828 10840 "GET /static/admin/css/dashboard.css HTTP/1.1" 304 0
INFO 2025-07-26 11:43:59,329 basehttp 7828 10840 "GET /static/admin/img/icon-addlink.svg HTTP/1.1" 304 0
INFO 2025-07-26 11:43:59,332 basehttp 7828 15268 "GET /static/admin/img/icon-changelink.svg HTTP/1.1" 304 0
INFO 2025-07-26 11:43:59,349 basehttp 7828 10840 "GET /static/admin/img/icon-deletelink.svg HTTP/1.1" 200 392
INFO 2025-07-26 11:44:03,912 basehttp 7828 17380 "GET /admin/auth/user/ HTTP/1.1" 200 17287
INFO 2025-07-26 11:44:03,968 basehttp 7828 2756 "GET /static/admin/js/jquery.init.js HTTP/1.1" 304 0
INFO 2025-07-26 11:44:03,968 basehttp 7828 17380 "GET /static/admin/css/changelists.css HTTP/1.1" 304 0
INFO 2025-07-26 11:44:03,974 basehttp 7828 2756 "GET /static/admin/js/vendor/xregexp/xregexp.js HTTP/1.1" 304 0
INFO 2025-07-26 11:44:03,977 basehttp 7828 2756 "GET /static/admin/js/vendor/jquery/jquery.js HTTP/1.1" 304 0
INFO 2025-07-26 11:44:03,980 basehttp 7828 9932 "GET /static/admin/js/urlify.js HTTP/1.1" 304 0
INFO 2025-07-26 11:44:03,981 basehttp 7828 19084 "GET /static/admin/js/prepopulate.js HTTP/1.1" 304 0
INFO 2025-07-26 11:44:03,983 basehttp 7828 13416 "GET /static/admin/js/admin/RelatedObjectLookups.js HTTP/1.1" 304 0
INFO 2025-07-26 11:44:03,983 basehttp 7828 21804 "GET /static/admin/js/actions.js HTTP/1.1" 304 0
INFO 2025-07-26 11:44:04,028 basehttp 7828 17380 "GET /admin/jsi18n/ HTTP/1.1" 200 3342
INFO 2025-07-26 11:44:04,109 basehttp 7828 2756 "GET /static/admin/js/core.js HTTP/1.1" 304 0
INFO 2025-07-26 11:44:04,187 basehttp 7828 17380 "GET /static/admin/img/icon-no.svg HTTP/1.1" 304 0
INFO 2025-07-26 11:44:04,188 basehttp 7828 2756 "GET /static/admin/img/search.svg HTTP/1.1" 304 0
INFO 2025-07-26 11:44:04,204 basehttp 7828 2756 "GET /static/admin/img/icon-yes.svg HTTP/1.1" 304 0
INFO 2025-07-26 11:44:04,214 basehttp 7828 2756 "GET /static/admin/js/filters.js HTTP/1.1" 304 0
INFO 2025-07-26 11:44:04,260 basehttp 7828 17380 "GET /static/admin/img/icon-viewlink.svg HTTP/1.1" 304 0
INFO 2025-07-26 11:44:04,260 basehttp 7828 2756 "GET /static/admin/img/tooltag-add.svg HTTP/1.1" 304 0
INFO 2025-07-26 11:44:04,261 basehttp 7828 21804 "GET /static/admin/img/sorting-icons.svg HTTP/1.1" 304 0
INFO 2025-07-26 11:44:13,265 basehttp 7828 25128 "GET /api/accounts/users/all/ HTTP/1.1" 200 1716
INFO 2025-07-26 11:44:13,279 basehttp 7828 25128 "GET /api/accounts/users/all/ HTTP/1.1" 200 1716
INFO 2025-07-26 11:45:32,533 basehttp 7828 15200 "GET /api/accounts/profile/ HTTP/1.1" 200 215
INFO 2025-07-26 11:45:32,543 basehttp 7828 15200 "GET /api/accounts/profile/ HTTP/1.1" 200 215
INFO 2025-07-26 11:45:38,035 basehttp 7828 18356 "GET /media/company_profiles/images_cwNJkmZ.jpg HTTP/1.1" 200 4195
INFO 2025-07-26 11:45:38,137 basehttp 7828 17584 "GET /api/accounts/profile/ HTTP/1.1" 200 215
INFO 2025-07-26 11:45:38,171 basehttp 7828 17584 "GET /api/accounts/profile/ HTTP/1.1" 200 215
INFO 2025-07-26 11:46:04,400 autoreload 7828 10576 C:\Users\azizo\Desktop\Pathnio\backend\accounts\views.py changed, reloading.
INFO 2025-07-26 11:46:05,384 autoreload 11416 16248 Watching for file changes with StatReloader
INFO 2025-07-26 11:46:08,043 autoreload 11416 16248 C:\Users\azizo\Desktop\Pathnio\backend\accounts\views.py changed, reloading.
INFO 2025-07-26 11:46:08,953 autoreload 23200 17940 Watching for file changes with StatReloader
INFO 2025-07-26 11:46:36,875 autoreload 5568 1840 Watching for file changes with StatReloader
INFO 2025-07-26 11:47:06,228 basehttp 5568 4840 "GET /api/accounts/users/all/ HTTP/1.1" 200 1716
INFO 2025-07-26 11:47:06,241 basehttp 5568 4840 "GET /api/accounts/users/all/ HTTP/1.1" 200 1716
INFO 2025-07-26 11:47:13,621 basehttp 5568 11660 "OPTIONS /api/accounts/users/20/delete/ HTTP/1.1" 200 0
INFO 2025-07-26 11:47:13,667 basehttp 5568 11660 "DELETE /api/accounts/users/20/delete/ HTTP/1.1" 200 39
INFO 2025-07-26 11:48:15,327 basehttp 5568 20140 "POST /api/accounts/users/ HTTP/1.1" 201 241
INFO 2025-07-26 11:48:15,347 basehttp 5568 20140 "GET /api/accounts/users/all/ HTTP/1.1" 200 1707
INFO 2025-07-26 11:48:22,579 basehttp 5568 25136 "GET /admin/auth/user/ HTTP/1.1" 200 17279
INFO 2025-07-26 11:48:22,627 basehttp 5568 25136 "GET /admin/jsi18n/ HTTP/1.1" 200 3342
INFO 2025-07-26 11:48:24,910 basehttp 5568 25136 "GET /admin/auth/user/ HTTP/1.1" 200 17279
INFO 2025-07-26 11:48:24,953 basehttp 5568 25136 "GET /admin/jsi18n/ HTTP/1.1" 200 3342
INFO 2025-07-26 11:48:28,143 basehttp 5568 25136 "GET /admin/auth/user/ HTTP/1.1" 200 17279
INFO 2025-07-26 11:48:28,176 basehttp 5568 25136 "GET /admin/jsi18n/ HTTP/1.1" 200 3342
INFO 2025-07-26 11:49:09,715 basehttp 5568 23632 "GET /admin/auth/user/19/change/ HTTP/1.1" 200 27791
INFO 2025-07-26 11:49:09,761 basehttp 5568 23632 "GET /static/admin/css/forms.css HTTP/1.1" 304 0
INFO 2025-07-26 11:49:09,767 basehttp 5568 17396 "GET /static/admin/js/admin/DateTimeShortcuts.js HTTP/1.1" 304 0
INFO 2025-07-26 11:49:09,767 basehttp 5568 15924 "GET /static/admin/js/SelectBox.js HTTP/1.1" 304 0
INFO 2025-07-26 11:49:09,771 basehttp 5568 24400 "GET /static/admin/js/SelectFilter2.js HTTP/1.1" 304 0
INFO 2025-07-26 11:49:09,774 basehttp 5568 1896 "GET /admin/jsi18n/ HTTP/1.1" 200 3342
INFO 2025-07-26 11:49:09,775 basehttp 5568 2996 "GET /static/admin/js/calendar.js HTTP/1.1" 304 0
INFO 2025-07-26 11:49:09,818 basehttp 5568 1896 "GET /static/admin/js/prepopulate_init.js HTTP/1.1" 304 0
INFO 2025-07-26 11:49:09,864 basehttp 5568 1896 "GET /static/admin/js/change_form.js HTTP/1.1" 304 0
INFO 2025-07-26 11:49:09,866 basehttp 5568 1896 "GET /static/admin/css/widgets.css HTTP/1.1" 304 0
INFO 2025-07-26 11:49:10,112 basehttp 5568 1896 "GET /static/admin/img/selector-icons.svg HTTP/1.1" 304 0
INFO 2025-07-26 11:49:10,113 basehttp 5568 2996 "GET /static/admin/img/icon-calendar.svg HTTP/1.1" 304 0
INFO 2025-07-26 11:49:10,114 basehttp 5568 24400 "GET /static/admin/img/icon-clock.svg HTTP/1.1" 304 0
INFO 2025-07-26 11:49:39,044 basehttp 5568 5924 "GET /admin/auth/user/ HTTP/1.1" 200 17279
INFO 2025-07-26 11:49:39,127 basehttp 5568 5924 "GET /admin/jsi18n/ HTTP/1.1" 200 3342
INFO 2025-07-26 11:51:48,029 autoreload 5568 1840 C:\Users\azizo\Desktop\Pathnio\backend\accounts\views.py changed, reloading.
INFO 2025-07-26 11:51:51,764 autoreload 9608 1096 Watching for file changes with StatReloader
INFO 2025-07-26 11:52:46,878 basehttp 9608 3592 "GET /media/company_profiles/images_cwNJkmZ.jpg HTTP/1.1" 200 4195
INFO 2025-07-26 11:52:48,095 basehttp 9608 14744 "GET /api/accounts/profile/ HTTP/1.1" 200 215
INFO 2025-07-26 11:52:48,125 basehttp 9608 24200 "GET /api/accounts/users/all/ HTTP/1.1" 200 1656
INFO 2025-07-26 11:52:51,855 basehttp 9608 22396 "GET /admin/auth/user/ HTTP/1.1" 200 17279
INFO 2025-07-26 11:52:51,919 basehttp 9608 22396 "GET /admin/jsi18n/ HTTP/1.1" 200 3342
INFO 2025-07-26 11:53:38,742 basehttp 9608 21308 "POST /api/accounts/users/ HTTP/1.1" 201 241
INFO 2025-07-26 11:53:38,824 basehttp 9608 21308 "GET /api/accounts/users/all/ HTTP/1.1" 200 1898
INFO 2025-07-26 11:53:42,396 basehttp 9608 10472 "GET /admin/auth/user/ HTTP/1.1" 200 17745
INFO 2025-07-26 11:53:42,436 basehttp 9608 10472 "GET /admin/jsi18n/ HTTP/1.1" 200 3342
INFO 2025-07-26 11:53:59,321 basehttp 9608 20648 "GET /api/accounts/profile/ HTTP/1.1" 200 215
INFO 2025-07-26 11:53:59,336 basehttp 9608 20648 "GET /api/accounts/profile/ HTTP/1.1" 200 215
INFO 2025-07-26 11:53:59,394 basehttp 9608 21128 "GET /media/company_profiles/images_cwNJkmZ.jpg HTTP/1.1" 200 4195
INFO 2025-07-26 11:54:02,416 basehttp 9608 20648 "POST /api/accounts/auth/logout/ HTTP/1.1" 200 37
INFO 2025-07-26 11:54:13,308 views 9608 22668 Login attempt with data: {'username': 'Vahid@gmail.com', 'password': 'Vahid@008'}
WARNING 2025-07-26 11:54:14,096 views 9608 22668 Login attempt with non-existent username: Vahid@gmail.com
WARNING 2025-07-26 11:54:14,098 log 9608 22668 Unauthorized: /api/auth/token/login/
WARNING 2025-07-26 11:54:14,099 basehttp 9608 22668 "POST /api/auth/token/login/ HTTP/1.1" 401 73
INFO 2025-07-26 11:54:22,077 views 9608 22668 Login attempt with data: {'username': 'Vahid@gmail.com', 'password': 'Vahid@008'}
WARNING 2025-07-26 11:54:22,894 views 9608 22668 Login attempt with non-existent username: Vahid@gmail.com
WARNING 2025-07-26 11:54:22,894 log 9608 22668 Unauthorized: /api/auth/token/login/
WARNING 2025-07-26 11:54:22,894 basehttp 9608 22668 "POST /api/auth/token/login/ HTTP/1.1" 401 73
INFO 2025-07-26 11:54:29,859 views 9608 20496 Login attempt with data: {'username': 'Vahid@gmail.com', 'password': 'Vahid@00'}
WARNING 2025-07-26 11:54:30,664 views 9608 20496 Login attempt with non-existent username: Vahid@gmail.com
WARNING 2025-07-26 11:54:30,664 log 9608 20496 Unauthorized: /api/auth/token/login/
WARNING 2025-07-26 11:54:30,664 basehttp 9608 20496 "POST /api/auth/token/login/ HTTP/1.1" 401 73
INFO 2025-07-26 11:54:35,489 views 9608 10500 Login attempt with data: {'username': 'Vahid@gmail.com', 'password': 'Vahid@009'}
WARNING 2025-07-26 11:54:36,241 views 9608 10500 Login attempt with non-existent username: Vahid@gmail.com
WARNING 2025-07-26 11:54:36,242 log 9608 10500 Unauthorized: /api/auth/token/login/
WARNING 2025-07-26 11:54:36,242 basehttp 9608 10500 "POST /api/auth/token/login/ HTTP/1.1" 401 73
INFO 2025-07-26 11:54:43,487 views 9608 10500 Login attempt with data: {'username': 'Vahid@gmail.com', 'password': 'Vahid@009'}
WARNING 2025-07-26 11:54:44,192 views 9608 10500 Login attempt with non-existent username: Vahid@gmail.com
WARNING 2025-07-26 11:54:44,192 log 9608 10500 Unauthorized: /api/auth/token/login/
WARNING 2025-07-26 11:54:44,193 basehttp 9608 10500 "POST /api/auth/token/login/ HTTP/1.1" 401 73
INFO 2025-07-26 11:54:51,546 basehttp 9608 19948 "GET /admin/auth/user/22/change/ HTTP/1.1" 200 27752
INFO 2025-07-26 11:54:51,602 basehttp 9608 19948 "GET /admin/jsi18n/ HTTP/1.1" 200 3342
INFO 2025-07-26 11:55:15,184 basehttp 9608 22484 "GET /admin/auth/user/ HTTP/1.1" 200 17745
INFO 2025-07-26 11:56:34,102 autoreload 9608 1096 C:\Users\azizo\Desktop\Pathnio\backend\accounts\views.py changed, reloading.
INFO 2025-07-26 11:56:35,301 autoreload 12036 4232 Watching for file changes with StatReloader
INFO 2025-07-26 11:56:41,272 views 12036 24308 Login attempt with data: {'username': 'Vahid@gmail.com', 'password': 'Vahid@009'}
WARNING 2025-07-26 11:56:42,057 views 12036 24308 Login attempt with non-existent username: Vahid@gmail.com
WARNING 2025-07-26 11:56:42,059 log 12036 24308 Unauthorized: /api/auth/token/login/
WARNING 2025-07-26 11:56:42,059 basehttp 12036 24308 "POST /api/auth/token/login/ HTTP/1.1" 401 73
INFO 2025-07-26 11:57:04,753 autoreload 24040 15716 Watching for file changes with StatReloader
INFO 2025-07-26 11:57:49,343 views 24040 1736 Login attempt with data: {'username': 'Rezaa@gmsil.com', 'password': '123456reza'}
WARNING 2025-07-26 11:57:49,899 views 24040 1736 Login attempt with non-existent username: Rezaa@gmsil.com
WARNING 2025-07-26 11:57:49,901 log 24040 1736 Unauthorized: /api/auth/token/login/
WARNING 2025-07-26 11:57:49,902 basehttp 24040 1736 "POST /api/auth/token/login/ HTTP/1.1" 401 73
INFO 2025-07-26 11:57:55,449 views 24040 22156 Login attempt with data: {'username': 'Rezaa@gmsil.com', 'password': '123456reza'}
WARNING 2025-07-26 11:57:56,053 views 24040 22156 Login attempt with non-existent username: Rezaa@gmsil.com
WARNING 2025-07-26 11:57:56,053 log 24040 22156 Unauthorized: /api/auth/token/login/
WARNING 2025-07-26 11:57:56,053 basehttp 24040 22156 "POST /api/auth/token/login/ HTTP/1.1" 401 73
INFO 2025-07-26 11:58:52,520 autoreload 24040 15716 C:\Users\azizo\Desktop\Pathnio\backend\accounts\views.py changed, reloading.
INFO 2025-07-26 11:58:53,390 autoreload 17588 3416 Watching for file changes with StatReloader
INFO 2025-07-26 11:59:15,014 views 17588 21676 Login attempt with data: {'username': 'Rezaa@gmsil.com', 'password': '123456reza'}
WARNING 2025-07-26 11:59:15,643 views 17588 21676 Login attempt with non-existent username: Rezaa@gmsil.com
WARNING 2025-07-26 11:59:15,645 log 17588 21676 Unauthorized: /api/auth/token/login/
WARNING 2025-07-26 11:59:15,646 basehttp 17588 21676 "POST /api/auth/token/login/ HTTP/1.1" 401 73
INFO 2025-07-26 11:59:30,633 autoreload 17588 3416 C:\Users\azizo\Desktop\Pathnio\backend\accounts\views.py changed, reloading.
INFO 2025-07-26 11:59:31,504 autoreload 7340 22816 Watching for file changes with StatReloader
INFO 2025-07-26 11:59:48,534 autoreload 7340 22816 C:\Users\azizo\Desktop\Pathnio\backend\accounts\serializers.py changed, reloading.
INFO 2025-07-26 11:59:49,164 autoreload 5880 7488 Watching for file changes with StatReloader
INFO 2025-07-26 12:00:22,578 autoreload 22100 13720 Watching for file changes with StatReloader
INFO 2025-07-26 12:00:40,821 basehttp 22100 19280 "OPTIONS /api/accounts/auth/login/ HTTP/1.1" 200 0
INFO 2025-07-26 12:00:41,869 basehttp 22100 19280 "POST /api/accounts/auth/login/ HTTP/1.1" 200 652
INFO 2025-07-26 12:00:46,091 basehttp 22100 20844 "GET /api/accounts/profile/ HTTP/1.1" 200 215
INFO 2025-07-26 12:00:46,171 basehttp 22100 20844 "GET /api/accounts/profile/ HTTP/1.1" 200 215
INFO 2025-07-26 12:00:46,639 basehttp 22100 19400 "GET /media/company_profiles/images_cwNJkmZ.jpg HTTP/1.1" 200 4195
INFO 2025-07-26 12:00:50,918 basehttp 22100 20844 "GET /api/accounts/profile/ HTTP/1.1" 200 215
INFO 2025-07-26 12:00:50,937 basehttp 22100 20844 "GET /api/accounts/profile/ HTTP/1.1" 200 215
INFO 2025-07-26 12:00:50,980 basehttp 22100 9380 "GET /media/company_profiles/images_cwNJkmZ.jpg HTTP/1.1" 200 4195
INFO 2025-07-26 12:00:54,274 basehttp 22100 20844 "POST /api/accounts/auth/logout/ HTTP/1.1" 200 37
INFO 2025-07-26 12:01:09,096 basehttp 22100 2672 "POST /api/accounts/auth/login/ HTTP/1.1" 200 621
INFO 2025-07-26 12:01:11,108 basehttp 22100 2672 "GET /api/accounts/profile/ HTTP/1.1" 200 147
INFO 2025-07-26 12:01:11,138 basehttp 22100 2672 "GET /api/accounts/profile/ HTTP/1.1" 200 147
INFO 2025-07-26 12:01:13,672 basehttp 22100 2672 "GET /api/accounts/profile/ HTTP/1.1" 200 147
INFO 2025-07-26 12:01:13,688 basehttp 22100 2672 "GET /api/accounts/profile/ HTTP/1.1" 200 147
INFO 2025-07-26 12:01:21,366 basehttp 22100 15336 "GET /api/accounts/profile/ HTTP/1.1" 200 147
INFO 2025-07-26 12:01:21,373 basehttp 22100 15336 "GET /api/accounts/profile/ HTTP/1.1" 200 147
INFO 2025-07-26 12:01:31,762 basehttp 22100 20676 "GET /api/accounts/profile/ HTTP/1.1" 200 147
INFO 2025-07-26 12:01:31,767 basehttp 22100 20676 "GET /api/accounts/profile/ HTTP/1.1" 200 147
INFO 2025-07-26 12:01:33,755 basehttp 22100 20676 "POST /api/accounts/auth/logout/ HTTP/1.1" 200 37
INFO 2025-07-26 12:01:46,214 basehttp 22100 24832 "POST /api/accounts/auth/login/ HTTP/1.1" 200 623
INFO 2025-07-26 12:01:48,020 basehttp 22100 24832 "GET /api/accounts/profile/ HTTP/1.1" 200 148
INFO 2025-07-26 12:01:48,141 basehttp 22100 24832 "GET /api/accounts/profile/ HTTP/1.1" 200 148
INFO 2025-07-26 12:01:55,148 basehttp 22100 7860 "GET /api/accounts/profile/ HTTP/1.1" 200 148
INFO 2025-07-26 12:01:55,160 basehttp 22100 7860 "GET /api/accounts/profile/ HTTP/1.1" 200 148
INFO 2025-07-26 12:02:27,373 basehttp 22100 10884 "OPTIONS /api/accounts/auth/password/change/ HTTP/1.1" 200 0
WARNING 2025-07-26 12:02:27,421 log 22100 10884 Bad Request: /api/accounts/auth/password/change/
WARNING 2025-07-26 12:02:27,421 basehttp 22100 10884 "POST /api/accounts/auth/password/change/ HTTP/1.1" 400 51
WARNING 2025-07-26 12:02:29,267 log 22100 10884 Bad Request: /api/accounts/auth/password/change/
WARNING 2025-07-26 12:02:29,268 basehttp 22100 10884 "POST /api/accounts/auth/password/change/ HTTP/1.1" 400 51
WARNING 2025-07-26 12:02:33,271 log 22100 10884 Bad Request: /api/accounts/auth/password/change/
WARNING 2025-07-26 12:02:33,272 basehttp 22100 10884 "POST /api/accounts/auth/password/change/ HTTP/1.1" 400 51
INFO 2025-07-26 12:03:39,818 autoreload 22100 13720 C:\Users\azizo\Desktop\Pathnio\backend\accounts\views.py changed, reloading.
INFO 2025-07-26 12:03:40,775 autoreload 8332 9832 Watching for file changes with StatReloader
INFO 2025-07-26 12:03:52,548 autoreload 8332 9832 C:\Users\azizo\Desktop\Pathnio\backend\accounts\serializers.py changed, reloading.
INFO 2025-07-26 12:03:53,298 autoreload 3792 24224 Watching for file changes with StatReloader
INFO 2025-07-26 12:04:01,840 autoreload 6880 16620 Watching for file changes with StatReloader
